# JRE version: Java(TM) SE Runtime Environment (8.0_45-b15) (build 1.8.0_45-b15)
# Java VM: Java HotSpot(TM) 64-Bit Server VM (25.45-b02 mixed mode windows-amd64 compressed oops)
Heap:
 PSYoungGen      total 602112K, used 31392K [0x000000076b500000, 0x000000079e200000, 0x00000007c0000000)
  eden space 549376K, 5% used [0x000000076b500000,0x000000076d3a8040,0x000000078cd80000)
  from space 52736K, 0% used [0x000000078cd80000,0x000000078cd80000,0x0000000790100000)
  to   space 54272K, 0% used [0x000000079ad00000,0x000000079ad00000,0x000000079e200000)
 ParOldGen       total 211968K, used 66950K [0x00000006c1e00000, 0x00000006ced00000, 0x000000076b500000)
  object space 211968K, 31% used [0x00000006c1e00000,0x00000006c5f61bd0,0x00000006ced00000)
 Metaspace       used 60622K, capacity 62310K, committed 62336K, reserved 1103872K
  class space    used 7178K, capacity 7533K, committed 7552K, reserved 1048576K
GC Heap History (10 events):
Event: 11.868 GC heap before
{Heap before GC invocations=16 (full 1):
 PSYoungGen      total 417280K, used 302829K [0x000000076b500000, 0x0000000788d80000, 0x00000007c0000000)
  eden space 366592K, 70% used [0x000000076b500000,0x000000077b12a6a0,0x0000000781b00000)
  from space 50688K, 88% used [0x0000000785180000,0x0000000787d10f20,0x0000000788300000)
  to   space 55808K, 0% used [0x0000000781b00000,0x0000000781b00000,0x0000000785180000)
 ParOldGen       total 125952K, used 86646K [0x00000006c1e00000, 0x00000006c9900000, 0x000000076b500000)
  object space 125952K, 68% used [0x00000006c1e00000,0x00000006c729d898,0x00000006c9900000)
 Metaspace       used 34261K, capacity 35156K, committed 35416K, reserved 1081344K
  class space    used 4054K, capacity 4284K, committed 4352K, reserved 1048576K
Event: 11.900 GC heap after
Heap after GC invocations=16 (full 1):
 PSYoungGen      total 422400K, used 32440K [0x000000076b500000, 0x0000000794b00000, 0x00000007c0000000)
  eden space 366592K, 0% used [0x000000076b500000,0x000000076b500000,0x0000000781b00000)
  from space 55808K, 58% used [0x0000000781b00000,0x0000000783aae2f0,0x0000000785180000)
  to   space 55296K, 0% used [0x0000000791500000,0x0000000791500000,0x0000000794b00000)
 ParOldGen       total 125952K, used 97290K [0x00000006c1e00000, 0x00000006c9900000, 0x000000076b500000)
  object space 125952K, 77% used [0x00000006c1e00000,0x00000006c7d02be8,0x00000006c9900000)
 Metaspace       used 34261K, capacity 35156K, committed 35416K, reserved 1081344K
  class space    used 4054K, capacity 4284K, committed 4352K, reserved 1048576K
}
Event: 11.900 GC heap before
{Heap before GC invocations=17 (full 2):
 PSYoungGen      total 422400K, used 32440K [0x000000076b500000, 0x0000000794b00000, 0x00000007c0000000)
  eden space 366592K, 0% used [0x000000076b500000,0x000000076b500000,0x0000000781b00000)
  from space 55808K, 58% used [0x0000000781b00000,0x0000000783aae2f0,0x0000000785180000)
  to   space 55296K, 0% used [0x0000000791500000,0x0000000791500000,0x0000000794b00000)
 ParOldGen       total 125952K, used 97290K [0x00000006c1e00000, 0x00000006c9900000, 0x000000076b500000)
  object space 125952K, 77% used [0x00000006c1e00000,0x00000006c7d02be8,0x00000006c9900000)
 Metaspace       used 34261K, capacity 35156K, committed 35416K, reserved 1081344K
  class space    used 4054K, capacity 4284K, committed 4352K, reserved 1048576K
Event: 12.024 GC heap after
Heap after GC invocations=17 (full 2):
 PSYoungGen      total 422400K, used 0K [0x000000076b500000, 0x0000000794b00000, 0x00000007c0000000)
  eden space 366592K, 0% used [0x000000076b500000,0x000000076b500000,0x0000000781b00000)
  from space 55808K, 0% used [0x0000000781b00000,0x0000000781b00000,0x0000000785180000)
  to   space 55296K, 0% used [0x0000000791500000,0x0000000791500000,0x0000000794b00000)
 ParOldGen       total 227328K, used 94012K [0x00000006c1e00000, 0x00000006cfc00000, 0x000000076b500000)
  object space 227328K, 41% used [0x00000006c1e00000,0x00000006c79cf128,0x00000006cfc00000)
 Metaspace       used 34208K, capacity 35006K, committed 35416K, reserved 1081344K
  class space    used 4034K, capacity 4249K, committed 4352K, reserved 1048576K
}
Event: 94.752 GC heap before
{Heap before GC invocations=18 (full 2):
 PSYoungGen      total 422400K, used 366592K [0x000000076b500000, 0x0000000794b00000, 0x00000007c0000000)
  eden space 366592K, 100% used [0x000000076b500000,0x0000000781b00000,0x0000000781b00000)
  from space 55808K, 0% used [0x0000000781b00000,0x0000000781b00000,0x0000000785180000)
  to   space 55296K, 0% used [0x0000000791500000,0x0000000791500000,0x0000000794b00000)
 ParOldGen       total 227328K, used 94025K [0x00000006c1e00000, 0x00000006cfc00000, 0x000000076b500000)
  object space 227328K, 41% used [0x00000006c1e00000,0x00000006c79d27f8,0x00000006cfc00000)
 Metaspace       used 54222K, capacity 55924K, committed 56192K, reserved 1097728K
  class space    used 6599K, capacity 6934K, committed 7040K, reserved 1048576K
Event: 94.784 GC heap after
Heap after GC invocations=18 (full 2):
 PSYoungGen      total 581632K, used 27775K [0x000000076b500000, 0x0000000793480000, 0x00000007c0000000)
  eden space 549376K, 0% used [0x000000076b500000,0x000000076b500000,0x000000078cd80000)
  from space 32256K, 86% used [0x0000000791500000,0x000000079301fd70,0x0000000793480000)
  to   space 52736K, 0% used [0x000000078cd80000,0x000000078cd80000,0x0000000790100000)
 ParOldGen       total 227328K, used 94033K [0x00000006c1e00000, 0x00000006cfc00000, 0x000000076b500000)
  object space 227328K, 41% used [0x00000006c1e00000,0x00000006c79d47f8,0x00000006cfc00000)
 Metaspace       used 54222K, capacity 55924K, committed 56192K, reserved 1097728K
  class space    used 6599K, capacity 6934K, committed 7040K, reserved 1048576K
}
Event: 95.603 GC heap before
{Heap before GC invocations=19 (full 2):
 PSYoungGen      total 581632K, used 71002K [0x000000076b500000, 0x0000000793480000, 0x00000007c0000000)
  eden space 549376K, 7% used [0x000000076b500000,0x000000076df36d00,0x000000078cd80000)
  from space 32256K, 86% used [0x0000000791500000,0x000000079301fd70,0x0000000793480000)
  to   space 52736K, 0% used [0x000000078cd80000,0x000000078cd80000,0x0000000790100000)
 ParOldGen       total 227328K, used 94033K [0x00000006c1e00000, 0x00000006cfc00000, 0x000000076b500000)
  object space 227328K, 41% used [0x00000006c1e00000,0x00000006c79d47f8,0x00000006cfc00000)
 Metaspace       used 57279K, capacity 58950K, committed 59008K, reserved 1101824K
  class space    used 6890K, capacity 7245K, committed 7296K, reserved 1048576K
Event: 95.615 GC heap after
Heap after GC invocations=19 (full 2):
 PSYoungGen      total 602112K, used 3779K [0x000000076b500000, 0x000000079e200000, 0x00000007c0000000)
  eden space 549376K, 0% used [0x000000076b500000,0x000000076b500000,0x000000078cd80000)
  from space 52736K, 7% used [0x000000078cd80000,0x000000078d130e08,0x0000000790100000)
  to   space 54272K, 0% used [0x000000079ad00000,0x000000079ad00000,0x000000079e200000)
 ParOldGen       total 227328K, used 103622K [0x00000006c1e00000, 0x00000006cfc00000, 0x000000076b500000)
  object space 227328K, 45% used [0x00000006c1e00000,0x00000006c83319d8,0x00000006cfc00000)
 Metaspace       used 57279K, capacity 58950K, committed 59008K, reserved 1101824K
  class space    used 6890K, capacity 7245K, committed 7296K, reserved 1048576K
}
Event: 95.615 GC heap before
{Heap before GC invocations=20 (full 3):
 PSYoungGen      total 602112K, used 3779K [0x000000076b500000, 0x000000079e200000, 0x00000007c0000000)
  eden space 549376K, 0% used [0x000000076b500000,0x000000076b500000,0x000000078cd80000)
  from space 52736K, 7% used [0x000000078cd80000,0x000000078d130e08,0x0000000790100000)
  to   space 54272K, 0% used [0x000000079ad00000,0x000000079ad00000,0x000000079e200000)
 ParOldGen       total 227328K, used 103622K [0x00000006c1e00000, 0x00000006cfc00000, 0x000000076b500000)
  object space 227328K, 45% used [0x00000006c1e00000,0x00000006c83319d8,0x00000006cfc00000)
 Metaspace       used 57279K, capacity 58950K, committed 59008K, reserved 1101824K
  class space    used 6890K, capacity 7245K, committed 7296K, reserved 1048576K
Event: 95.815 GC heap after
Heap after GC invocations=20 (full 3):
 PSYoungGen      total 602112K, used 0K [0x000000076b500000, 0x000000079e200000, 0x00000007c0000000)
  eden space 549376K, 0% used [0x000000076b500000,0x000000076b500000,0x000000078cd80000)
  from space 52736K, 0% used [0x000000078cd80000,0x000000078cd80000,0x0000000790100000)
  to   space 54272K, 0% used [0x000000079ad00000,0x000000079ad00000,0x000000079e200000)
 ParOldGen       total 211968K, used 66950K [0x00000006c1e00000, 0x00000006ced00000, 0x000000076b500000)
  object space 211968K, 31% used [0x00000006c1e00000,0x00000006c5f61bd0,0x00000006ced00000)
 Metaspace       used 57279K, capacity 58950K, committed 59008K, reserved 1101824K
  class space    used 6890K, capacity 7245K, committed 7296K, reserved 1048576K
}

