# JRE version: Java(TM) SE Runtime Environment (8.0_45-b15) (build 1.8.0_45-b15)
# Java VM: Java HotSpot(TM) 64-Bit Server VM (25.45-b02 mixed mode windows-amd64 compressed oops)
Heap:
 PSYoungGen      total 281088K, used 62333K [0x000000076b500000, 0x000000077ff00000, 0x00000007c0000000)
  eden space 238592K, 26% used [0x000000076b500000,0x000000076f1df768,0x0000000779e00000)
  from space 42496K, 0% used [0x000000077cc00000,0x000000077cc00000,0x000000077f580000)
  to   space 47104K, 2% used [0x0000000779e00000,0x0000000779f28000,0x000000077cc00000)
 ParOldGen       total 213504K, used 94467K [0x00000006c1e00000, 0x00000006cee80000, 0x000000076b500000)
  object space 213504K, 44% used [0x00000006c1e00000,0x00000006c7a40e88,0x00000006cee80000)
 Metaspace       used 59847K, capacity 61911K, committed 61972K, reserved 1107968K
  class space    used 7568K, capacity 8210K, committed 8212K, reserved 1048576K
GC Heap History (10 events):
Event: 11.590 GC heap before
{Heap before GC invocations=17 (full 1):
 PSYoungGen      total 285696K, used 117892K [0x000000076b500000, 0x000000077ff00000, 0x00000007c0000000)
  eden space 238592K, 34% used [0x000000076b500000,0x000000077052a5d8,0x0000000779e00000)
  from space 47104K, 76% used [0x0000000779e00000,0x000000077c0f6b48,0x000000077cc00000)
  to   space 42496K, 0% used [0x000000077cc00000,0x000000077cc00000,0x000000077f580000)
 ParOldGen       total 124928K, used 101752K [0x00000006c1e00000, 0x00000006c9800000, 0x000000076b500000)
  object space 124928K, 81% used [0x00000006c1e00000,0x00000006c815e128,0x00000006c9800000)
 Metaspace       used 34236K, capacity 35140K, committed 35416K, reserved 1081344K
  class space    used 4041K, capacity 4258K, committed 4352K, reserved 1048576K
Event: 11.597 GC heap after
Heap after GC invocations=17 (full 1):
 PSYoungGen      total 281088K, used 5032K [0x000000076b500000, 0x000000077ff00000, 0x00000007c0000000)
  eden space 238592K, 0% used [0x000000076b500000,0x000000076b500000,0x0000000779e00000)
  from space 42496K, 11% used [0x000000077cc00000,0x000000077d0ea1c8,0x000000077f580000)
  to   space 47104K, 0% used [0x0000000779e00000,0x0000000779e00000,0x000000077cc00000)
 ParOldGen       total 124928K, used 108454K [0x00000006c1e00000, 0x00000006c9800000, 0x000000076b500000)
  object space 124928K, 86% used [0x00000006c1e00000,0x00000006c87e98a8,0x00000006c9800000)
 Metaspace       used 34236K, capacity 35140K, committed 35416K, reserved 1081344K
  class space    used 4041K, capacity 4258K, committed 4352K, reserved 1048576K
}
Event: 11.597 GC heap before
{Heap before GC invocations=18 (full 2):
 PSYoungGen      total 281088K, used 5032K [0x000000076b500000, 0x000000077ff00000, 0x00000007c0000000)
  eden space 238592K, 0% used [0x000000076b500000,0x000000076b500000,0x0000000779e00000)
  from space 42496K, 11% used [0x000000077cc00000,0x000000077d0ea1c8,0x000000077f580000)
  to   space 47104K, 0% used [0x0000000779e00000,0x0000000779e00000,0x000000077cc00000)
 ParOldGen       total 124928K, used 108454K [0x00000006c1e00000, 0x00000006c9800000, 0x000000076b500000)
  object space 124928K, 86% used [0x00000006c1e00000,0x00000006c87e98a8,0x00000006c9800000)
 Metaspace       used 34236K, capacity 35140K, committed 35416K, reserved 1081344K
  class space    used 4041K, capacity 4258K, committed 4352K, reserved 1048576K
Event: 11.738 GC heap after
Heap after GC invocations=18 (full 2):
 PSYoungGen      total 281088K, used 0K [0x000000076b500000, 0x000000077ff00000, 0x00000007c0000000)
  eden space 238592K, 0% used [0x000000076b500000,0x000000076b500000,0x0000000779e00000)
  from space 42496K, 0% used [0x000000077cc00000,0x000000077cc00000,0x000000077f580000)
  to   space 47104K, 0% used [0x0000000779e00000,0x0000000779e00000,0x000000077cc00000)
 ParOldGen       total 213504K, used 76804K [0x00000006c1e00000, 0x00000006cee80000, 0x000000076b500000)
  object space 213504K, 35% used [0x00000006c1e00000,0x00000006c6901038,0x00000006cee80000)
 Metaspace       used 34175K, capacity 34974K, committed 35416K, reserved 1081344K
  class space    used 4017K, capacity 4217K, committed 4352K, reserved 1048576K
}
Event: 19.304 GC heap before
{Heap before GC invocations=19 (full 2):
 PSYoungGen      total 281088K, used 235239K [0x000000076b500000, 0x000000077ff00000, 0x00000007c0000000)
  eden space 238592K, 98% used [0x000000076b500000,0x0000000779ab9c00,0x0000000779e00000)
  from space 42496K, 0% used [0x000000077cc00000,0x000000077cc00000,0x000000077f580000)
  to   space 47104K, 0% used [0x0000000779e00000,0x0000000779e00000,0x000000077cc00000)
 ParOldGen       total 213504K, used 76804K [0x00000006c1e00000, 0x00000006cee80000, 0x000000076b500000)
  object space 213504K, 35% used [0x00000006c1e00000,0x00000006c6901038,0x00000006cee80000)
 Metaspace       used 56292K, capacity 58264K, committed 58368K, reserved 1099776K
  class space    used 7029K, capacity 7622K, committed 7680K, reserved 1048576K
Event: 19.314 GC heap after
Heap after GC invocations=19 (full 2):
 PSYoungGen      total 285696K, used 26231K [0x000000076b500000, 0x000000077ff00000, 0x00000007c0000000)
  eden space 238592K, 0% used [0x000000076b500000,0x000000076b500000,0x0000000779e00000)
  from space 47104K, 55% used [0x0000000779e00000,0x000000077b79de80,0x000000077cc00000)
  to   space 42496K, 0% used [0x000000077cc00000,0x000000077cc00000,0x000000077f580000)
 ParOldGen       total 213504K, used 76812K [0x00000006c1e00000, 0x00000006cee80000, 0x000000076b500000)
  object space 213504K, 35% used [0x00000006c1e00000,0x00000006c6903038,0x00000006cee80000)
 Metaspace       used 56292K, capacity 58264K, committed 58368K, reserved 1099776K
  class space    used 7029K, capacity 7622K, committed 7680K, reserved 1048576K
}
Event: 49.424 GC heap before
{Heap before GC invocations=20 (full 2):
 PSYoungGen      total 285696K, used 64014K [0x000000076b500000, 0x000000077ff00000, 0x00000007c0000000)
  eden space 238592K, 15% used [0x000000076b500000,0x000000076d9e5c58,0x0000000779e00000)
  from space 47104K, 55% used [0x0000000779e00000,0x000000077b79de80,0x000000077cc00000)
  to   space 42496K, 0% used [0x000000077cc00000,0x000000077cc00000,0x000000077f580000)
 ParOldGen       total 213504K, used 76812K [0x00000006c1e00000, 0x00000006cee80000, 0x000000076b500000)
  object space 213504K, 35% used [0x00000006c1e00000,0x00000006c6903038,0x00000006cee80000)
 Metaspace       used 56981K, capacity 59013K, committed 59028K, reserved 1099776K
  class space    used 7189K, capacity 7813K, committed 7828K, reserved 1048576K
Event: 49.429 GC heap after
Heap after GC invocations=20 (full 2):
 PSYoungGen      total 281088K, used 17353K [0x000000076b500000, 0x000000077ff00000, 0x00000007c0000000)
  eden space 238592K, 0% used [0x000000076b500000,0x000000076b500000,0x0000000779e00000)
  from space 42496K, 40% used [0x000000077cc00000,0x000000077dcf24c8,0x000000077f580000)
  to   space 47104K, 0% used [0x0000000779e00000,0x0000000779e00000,0x000000077cc00000)
 ParOldGen       total 213504K, used 82415K [0x00000006c1e00000, 0x00000006cee80000, 0x000000076b500000)
  object space 213504K, 38% used [0x00000006c1e00000,0x00000006c6e7bf90,0x00000006cee80000)
 Metaspace       used 56981K, capacity 59013K, committed 59028K, reserved 1099776K
  class space    used 7189K, capacity 7813K, committed 7828K, reserved 1048576K
}
Event: 49.429 GC heap before
{Heap before GC invocations=21 (full 3):
 PSYoungGen      total 281088K, used 17353K [0x000000076b500000, 0x000000077ff00000, 0x00000007c0000000)
  eden space 238592K, 0% used [0x000000076b500000,0x000000076b500000,0x0000000779e00000)
  from space 42496K, 40% used [0x000000077cc00000,0x000000077dcf24c8,0x000000077f580000)
  to   space 47104K, 0% used [0x0000000779e00000,0x0000000779e00000,0x000000077cc00000)
 ParOldGen       total 213504K, used 82415K [0x00000006c1e00000, 0x00000006cee80000, 0x000000076b500000)
  object space 213504K, 38% used [0x00000006c1e00000,0x00000006c6e7bf90,0x00000006cee80000)
 Metaspace       used 56981K, capacity 59013K, committed 59028K, reserved 1099776K
  class space    used 7189K, capacity 7813K, committed 7828K, reserved 1048576K
Event: 49.679 GC heap after
Heap after GC invocations=21 (full 3):
 PSYoungGen      total 281088K, used 0K [0x000000076b500000, 0x000000077ff00000, 0x00000007c0000000)
  eden space 238592K, 0% used [0x000000076b500000,0x000000076b500000,0x0000000779e00000)
  from space 42496K, 0% used [0x000000077cc00000,0x000000077cc00000,0x000000077f580000)
  to   space 47104K, 0% used [0x0000000779e00000,0x0000000779e00000,0x000000077cc00000)
 ParOldGen       total 213504K, used 94459K [0x00000006c1e00000, 0x00000006cee80000, 0x000000076b500000)
  object space 213504K, 44% used [0x00000006c1e00000,0x00000006c7a3ee88,0x00000006cee80000)
 Metaspace       used 56981K, capacity 59013K, committed 59028K, reserved 1099776K
  class space    used 7189K, capacity 7813K, committed 7828K, reserved 1048576K
}

