# JRE version: Java(TM) SE Runtime Environment (8.0_45-b15) (build 1.8.0_45-b15)
# Java VM: Java HotSpot(TM) 64-Bit Server VM (25.45-b02 mixed mode windows-amd64 compressed oops)
Heap:
 PSYoungGen      total 590336K, used 295856K [0x000000076b500000, 0x0000000793d80000, 0x00000007c0000000)
  eden space 516608K, 53% used [0x000000076b500000,0x000000077c28dcb0,0x000000078ad80000)
  from space 73728K, 26% used [0x000000078ad80000,0x000000078c0de6a8,0x000000078f580000)
  to   space 47104K, 0% used [0x0000000790f80000,0x0000000790f80000,0x0000000793d80000)
 ParOldGen       total 253952K, used 246326K [0x00000006c1e00000, 0x00000006d1600000, 0x000000076b500000)
  object space 253952K, 96% used [0x00000006c1e00000,0x00000006d0e8dbc0,0x00000006d1600000)
 Metaspace       used 70887K, capacity 73598K, committed 73688K, reserved 1114112K
  class space    used 8923K, capacity 9677K, committed 9728K, reserved 1048576K
GC Heap History (10 events):
Event: 9.392 GC heap before
{Heap before GC invocations=15 (full 2):
 PSYoungGen      total 420352K, used 58084K [0x000000076b500000, 0x0000000795980000, 0x00000007c0000000)
  eden space 351232K, 0% used [0x000000076b500000,0x000000076b500000,0x0000000780c00000)
  from space 69120K, 84% used [0x0000000780c00000,0x00000007844b91a0,0x0000000784f80000)
  to   space 75776K, 0% used [0x0000000790f80000,0x0000000790f80000,0x0000000795980000)
 ParOldGen       total 123392K, used 119321K [0x00000006c1e00000, 0x00000006c9680000, 0x000000076b500000)
  object space 123392K, 96% used [0x00000006c1e00000,0x00000006c9286658,0x00000006c9680000)
 Metaspace       used 27594K, capacity 28456K, committed 28544K, reserved 1075200K
  class space    used 3187K, capacity 3424K, committed 3456K, reserved 1048576K
Event: 9.520 GC heap after
Heap after GC invocations=15 (full 2):
 PSYoungGen      total 420352K, used 0K [0x000000076b500000, 0x0000000795980000, 0x00000007c0000000)
  eden space 351232K, 0% used [0x000000076b500000,0x000000076b500000,0x0000000780c00000)
  from space 69120K, 0% used [0x0000000780c00000,0x0000000780c00000,0x0000000784f80000)
  to   space 75776K, 0% used [0x0000000790f80000,0x0000000790f80000,0x0000000795980000)
 ParOldGen       total 256512K, used 114978K [0x00000006c1e00000, 0x00000006d1880000, 0x000000076b500000)
  object space 256512K, 44% used [0x00000006c1e00000,0x00000006c8e48998,0x00000006d1880000)
 Metaspace       used 27557K, capacity 28342K, committed 28544K, reserved 1075200K
  class space    used 3173K, capacity 3401K, committed 3456K, reserved 1048576K
}
Event: 13.173 GC heap before
{Heap before GC invocations=16 (full 2):
 PSYoungGen      total 420352K, used 244112K [0x000000076b500000, 0x0000000795980000, 0x00000007c0000000)
  eden space 351232K, 69% used [0x000000076b500000,0x000000077a364388,0x0000000780c00000)
  from space 69120K, 0% used [0x0000000780c00000,0x0000000780c00000,0x0000000784f80000)
  to   space 75776K, 0% used [0x0000000790f80000,0x0000000790f80000,0x0000000795980000)
 ParOldGen       total 256512K, used 114978K [0x00000006c1e00000, 0x00000006d1880000, 0x000000076b500000)
  object space 256512K, 44% used [0x00000006c1e00000,0x00000006c8e48998,0x00000006d1880000)
 Metaspace       used 46167K, capacity 47514K, committed 47576K, reserved 1091584K
  class space    used 5522K, capacity 5887K, committed 5888K, reserved 1048576K
Event: 13.195 GC heap after
Heap after GC invocations=16 (full 2):
 PSYoungGen      total 563712K, used 18883K [0x000000076b500000, 0x0000000793d80000, 0x00000007c0000000)
  eden space 516608K, 0% used [0x000000076b500000,0x000000076b500000,0x000000078ad80000)
  from space 47104K, 40% used [0x0000000790f80000,0x00000007921f0c68,0x0000000793d80000)
  to   space 73728K, 0% used [0x000000078ad80000,0x000000078ad80000,0x000000078f580000)
 ParOldGen       total 256512K, used 114986K [0x00000006c1e00000, 0x00000006d1880000, 0x000000076b500000)
  object space 256512K, 44% used [0x00000006c1e00000,0x00000006c8e4a998,0x00000006d1880000)
 Metaspace       used 46167K, capacity 47514K, committed 47576K, reserved 1091584K
  class space    used 5522K, capacity 5887K, committed 5888K, reserved 1048576K
}
Event: 13.195 GC heap before
{Heap before GC invocations=17 (full 3):
 PSYoungGen      total 563712K, used 18883K [0x000000076b500000, 0x0000000793d80000, 0x00000007c0000000)
  eden space 516608K, 0% used [0x000000076b500000,0x000000076b500000,0x000000078ad80000)
  from space 47104K, 40% used [0x0000000790f80000,0x00000007921f0c68,0x0000000793d80000)
  to   space 73728K, 0% used [0x000000078ad80000,0x000000078ad80000,0x000000078f580000)
 ParOldGen       total 256512K, used 114986K [0x00000006c1e00000, 0x00000006d1880000, 0x000000076b500000)
  object space 256512K, 44% used [0x00000006c1e00000,0x00000006c8e4a998,0x00000006d1880000)
 Metaspace       used 46167K, capacity 47514K, committed 47576K, reserved 1091584K
  class space    used 5522K, capacity 5887K, committed 5888K, reserved 1048576K
Event: 13.503 GC heap after
Heap after GC invocations=17 (full 3):
 PSYoungGen      total 563712K, used 0K [0x000000076b500000, 0x0000000793d80000, 0x00000007c0000000)
  eden space 516608K, 0% used [0x000000076b500000,0x000000076b500000,0x000000078ad80000)
  from space 47104K, 0% used [0x0000000790f80000,0x0000000790f80000,0x0000000793d80000)
  to   space 73728K, 0% used [0x000000078ad80000,0x000000078ad80000,0x000000078f580000)
 ParOldGen       total 253952K, used 89359K [0x00000006c1e00000, 0x00000006d1600000, 0x000000076b500000)
  object space 253952K, 35% used [0x00000006c1e00000,0x00000006c7543f60,0x00000006d1600000)
 Metaspace       used 46167K, capacity 47514K, committed 47576K, reserved 1091584K
  class space    used 5522K, capacity 5887K, committed 5888K, reserved 1048576K
}
Event: 24.230 GC heap before
{Heap before GC invocations=18 (full 3):
 PSYoungGen      total 563712K, used 505447K [0x000000076b500000, 0x0000000793d80000, 0x00000007c0000000)
  eden space 516608K, 97% used [0x000000076b500000,0x000000078a299f48,0x000000078ad80000)
  from space 47104K, 0% used [0x0000000790f80000,0x0000000790f80000,0x0000000793d80000)
  to   space 73728K, 0% used [0x000000078ad80000,0x000000078ad80000,0x000000078f580000)
 ParOldGen       total 253952K, used 89359K [0x00000006c1e00000, 0x00000006d1600000, 0x000000076b500000)
  object space 253952K, 35% used [0x00000006c1e00000,0x00000006c7543f60,0x00000006d1600000)
 Metaspace       used 66798K, capacity 68978K, committed 69208K, reserved 1110016K
  class space    used 8352K, capacity 8991K, committed 9088K, reserved 1048576K
Event: 24.284 GC heap after
Heap after GC invocations=18 (full 3):
 PSYoungGen      total 590336K, used 73716K [0x000000076b500000, 0x0000000793d80000, 0x00000007c0000000)
  eden space 516608K, 0% used [0x000000076b500000,0x000000076b500000,0x000000078ad80000)
  from space 73728K, 99% used [0x000000078ad80000,0x000000078f57d110,0x000000078f580000)
  to   space 47104K, 0% used [0x0000000790f80000,0x0000000790f80000,0x0000000793d80000)
 ParOldGen       total 253952K, used 240677K [0x00000006c1e00000, 0x00000006d1600000, 0x000000076b500000)
  object space 253952K, 94% used [0x00000006c1e00000,0x00000006d0909420,0x00000006d1600000)
 Metaspace       used 66798K, capacity 68978K, committed 69208K, reserved 1110016K
  class space    used 8352K, capacity 8991K, committed 9088K, reserved 1048576K
}
Event: 24.284 GC heap before
{Heap before GC invocations=19 (full 4):
 PSYoungGen      total 590336K, used 73716K [0x000000076b500000, 0x0000000793d80000, 0x00000007c0000000)
  eden space 516608K, 0% used [0x000000076b500000,0x000000076b500000,0x000000078ad80000)
  from space 73728K, 99% used [0x000000078ad80000,0x000000078f57d110,0x000000078f580000)
  to   space 47104K, 0% used [0x0000000790f80000,0x0000000790f80000,0x0000000793d80000)
 ParOldGen       total 253952K, used 240677K [0x00000006c1e00000, 0x00000006d1600000, 0x000000076b500000)
  object space 253952K, 94% used [0x00000006c1e00000,0x00000006d0909420,0x00000006d1600000)
 Metaspace       used 66798K, capacity 68978K, committed 69208K, reserved 1110016K
  class space    used 8352K, capacity 8991K, committed 9088K, reserved 1048576K
Event: 24.556 GC heap after
Heap after GC invocations=19 (full 4):
 PSYoungGen      total 590336K, used 19833K [0x000000076b500000, 0x0000000793d80000, 0x00000007c0000000)
  eden space 516608K, 0% used [0x000000076b500000,0x000000076b500000,0x000000078ad80000)
  from space 73728K, 26% used [0x000000078ad80000,0x000000078c0de6a8,0x000000078f580000)
  to   space 47104K, 0% used [0x0000000790f80000,0x0000000790f80000,0x0000000793d80000)
 ParOldGen       total 253952K, used 246326K [0x00000006c1e00000, 0x00000006d1600000, 0x000000076b500000)
  object space 253952K, 96% used [0x00000006c1e00000,0x00000006d0e8dbc0,0x00000006d1600000)
 Metaspace       used 66798K, capacity 68978K, committed 69208K, reserved 1110016K
  class space    used 8352K, capacity 8991K, committed 9088K, reserved 1048576K
}

